c:\users\brade\desktop\c++ projects\firstgame\firstgame\x64\debug\vc142.pdb
c:\users\brade\desktop\c++ projects\firstgame\firstgame\x64\debug\vc142.idb
c:\users\brade\desktop\c++ projects\firstgame\firstgame\x64\debug\viewport.obj
c:\users\brade\desktop\c++ projects\firstgame\firstgame\x64\debug\tilemap.obj
c:\users\brade\desktop\c++ projects\firstgame\firstgame\x64\debug\texturemanager.obj
c:\users\brade\desktop\c++ projects\firstgame\firstgame\x64\debug\spritesheet.obj
c:\users\brade\desktop\c++ projects\firstgame\firstgame\x64\debug\main.obj
c:\users\brade\desktop\c++ projects\firstgame\firstgame\x64\debug\game.obj
c:\users\brade\desktop\c++ projects\firstgame\firstgame\x64\debug\vector2.obj
c:\users\brade\desktop\c++ projects\firstgame\firstgame\x64\debug\hashing.obj
c:\users\brade\desktop\c++ projects\firstgame\firstgame\x64\debug\luamanager.obj
c:\users\brade\desktop\c++ projects\firstgame\firstgame\x64\debug\layer.obj
c:\users\brade\desktop\c++ projects\firstgame\firstgame\x64\debug\spritecomponent.obj
c:\users\brade\desktop\c++ projects\firstgame\firstgame\x64\debug\positioncomponent.obj
c:\users\brade\desktop\c++ projects\firstgame\firstgame\x64\debug\physicscomponent.obj
c:\users\brade\desktop\c++ projects\firstgame\firstgame\x64\debug\controlmovementcomponent.obj
c:\users\brade\desktop\c++ projects\firstgame\firstgame\x64\debug\boxcollidercomponent.obj
c:\users\brade\desktop\c++ projects\firstgame\firstgame\x64\debug\assetmanager.obj
c:\users\brade\desktop\c++ projects\firstgame\firstgame\x64\debug\firstgame.tlog\cl.command.1.tlog
c:\users\brade\desktop\c++ projects\firstgame\firstgame\x64\debug\firstgame.tlog\cl.read.1.tlog
c:\users\brade\desktop\c++ projects\firstgame\firstgame\x64\debug\firstgame.tlog\cl.write.1.tlog
